<?xml version="1.0" encoding="UTF-8"?>
<!-- Generated by org.testng.reporters.JUnitXMLReporter -->
<testsuite hostname="Khosruzs-MBP.lan" ignored="1" name="Default test" tests="1" failures="0" timestamp="2022-06-27T21:56:35 EDT" time="2.579" errors="0">
  <testcase name="testAllCustomers" time="1.542" classname="com.api.testsCustomers.TestGETCustomers"/>
  <testcase name="testParticulerCustomer" time="0.0" classname="com.api.testsCustomers.TestGETCustomers">
    <ignored/>
  </testcase> <!-- testParticulerCustomer -->
</testsuite> <!-- Default test -->
