<?xml version="1.0" encoding="UTF-8"?>
<!-- Generated by org.testng.reporters.JUnitXMLReporter -->
<testsuite hostname="khosruzs-MBP.lan" ignored="0" name="Command line test" tests="6" failures="2" timestamp="2022-06-13T12:54:20 EDT" time="4.246" errors="0">
  <testcase name="testAllCustomers" time="1.633" classname="com.api.tests.TestGETCustomers"/>
  <testcase name="testParticulerCustomer" time="0.092" classname="com.api.tests.TestGETCustomers"/>
  <testcase name="testPOSTCreateCustomer" time="1.223" classname="com.api.tests.TestPOSTCustomers"/>
  <testcase name="testDeleteCustomer" time="0.073" classname="com.api.tests.TestDELETECustomer">
    <failure type="java.lang.AssertionError" message="expected [true] but found [false]">
      <![CDATA[java.lang.AssertionError: expected [true] but found [false]
at com.api.helpers.CustomerServiceHelper.deleteCustomer(CustomerServiceHelper.java:118)
at com.api.tests.TestDELETECustomer.testDeleteCustomer(TestDELETECustomer.java:19)
at java.util.ArrayList.forEach(ArrayList.java:1259)
... Removed 41 stack frames]]>
    </failure>
  </testcase> <!-- testDeleteCustomer -->
  <testcase name="testUpdateMultipleFields" time="0.082" classname="com.api.tests.TestPUTCustomer"/>
  <testcase name="testPatchCustomer" time="0.035" classname="com.api.tests.TestPATCHCustomers">
    <failure type="java.lang.AssertionError" message="expected [true] but found [false]">
      <![CDATA[java.lang.AssertionError: expected [true] but found [false]
at com.api.helpers.CustomerServiceHelper.updateCustomerWithSingleField(CustomerServiceHelper.java:106)
at com.api.tests.TestPATCHCustomers.testPatchCustomer(TestPATCHCustomers.java:20)
at java.util.ArrayList.forEach(ArrayList.java:1259)
... Removed 41 stack frames]]>
    </failure>
  </testcase> <!-- testPatchCustomer -->
</testsuite> <!-- Command line test -->
