<?xml version="1.0" encoding="UTF-8" ?>
<testsuite tests="6" failures="2" name="TestSuite" time="3.155" errors="0" skipped="0">
  <properties>
[...]
</properties>
  <testcase classname="com.api.tests.TestGETCustomers" name="testAllCustomers" time="1.651"/>
  <testcase classname="com.api.tests.TestGETCustomers" name="testParticulerCustomer" time="0.085"/>
  <testcase classname="com.api.tests.TestPOSTCustomers" name="testPOSTCreateCustomer" time="1.225"/>
  <testcase classname="com.api.tests.TestDELETECustomer" name="testDeleteCustomer" time="0.081">
    <failure message="expected [true] but found [false]" type="java.lang.AssertionError">java.lang.AssertionError: expected [true] but found [false]
	at org.testng.Assert.fail(Assert.java:99)
	at org.testng.Assert.failNotEquals(Assert.java:1037)
	at org.testng.Assert.assertTrue(Assert.java:45)
	at org.testng.Assert.assertTrue(Assert.java:55)
	at com.api.helpers.CustomerServiceHelper.deleteCustomer(CustomerServiceHelper.java:118)
	at com.api.tests.TestDELETECustomer.testDeleteCustomer(TestDELETECustomer.java:19)
</failure>
    <system-out>Request method:	DELETE
Request URI:	http://localhost:3000/Customers/113
Proxy:			&lt;none&gt;
Request params:	&lt;none&gt;
Query params:	&lt;none&gt;
Form params:	&lt;none&gt;
Path params:	id=113
Headers:		Accept=*/*
				Content-Type=application/json
Cookies:		&lt;none&gt;
Multiparts:		&lt;none&gt;
Body:			&lt;none&gt;
</system-out>
  </testcase>
  <testcase classname="com.api.tests.TestPUTCustomer" name="testUpdateMultipleFields" time="0.079"/>
  <testcase classname="com.api.tests.TestPATCHCustomers" name="testPatchCustomer" time="0.034">
    <failure message="expected [true] but found [false]" type="java.lang.AssertionError">java.lang.AssertionError: expected [true] but found [false]
	at org.testng.Assert.fail(Assert.java:99)
	at org.testng.Assert.failNotEquals(Assert.java:1037)
	at org.testng.Assert.assertTrue(Assert.java:45)
	at org.testng.Assert.assertTrue(Assert.java:55)
	at com.api.helpers.CustomerServiceHelper.updateCustomerWithSingleField(CustomerServiceHelper.java:106)
	at com.api.tests.TestPATCHCustomers.testPatchCustomer(TestPATCHCustomers.java:20)
</failure>
    <system-out>HTTP/1.1 404 Not Found
X-Powered-By: Express
Vary: Origin, Accept-Encoding
Access-Control-Allow-Credentials: true
Cache-Control: no-cache
Pragma: no-cache
Expires: -1
X-Content-Type-Options: nosniff
Content-Type: application/json; charset=utf-8
Content-Length: 2
ETag: W/&quot;2-vyGp6PvFo4RvsFtPoIWeCReyIC8&quot;
Date: Mon, 13 Jun 2022 16:54:20 GMT
Connection: keep-alive
Keep-Alive: timeout=5

{
    
}
</system-out>
  </testcase>
</testsuite>